1552736214562	geckodriver	INFO	geckodriver 0.19.1
1552736214587	geckodriver	INFO	Listening on 127.0.0.1:63471
1552736214712	mozrunner::runner	INFO	Running command: "C:\\Program Files (x86)\\Mozilla Firefox\\firefox.exe" "-marionette" "-profile" "C:\\Users\\ZHONGY~1\\AppData\\Local\\Temp\\rust_mozprofile.xfCyUSEIr0sV"
1552736219901	Marionette	INFO	Listening on port 63477
1552736220237	Marionette	WARN	TLS certificate errors will be ignored for this session
1552736814930	geckodriver	INFO	geckodriver 0.19.1
1552736814964	geckodriver	INFO	Listening on 127.0.0.1:64119
1552736815592	mozrunner::runner	INFO	Running command: "C:\\Program Files (x86)\\Mozilla Firefox\\firefox.exe" "-marionette" "-profile" "C:\\Users\\ZHONGY~1\\AppData\\Local\\Temp\\rust_mozprofile.yQi59UhfLCVI"
1552736883111	geckodriver	INFO	geckodriver 0.19.1
1552736883132	geckodriver	INFO	Listening on 127.0.0.1:64169
1552736883726	mozrunner::runner	INFO	Running command: "C:\\Program Files (x86)\\Mozilla Firefox\\firefox.exe" "-marionette" "-profile" "C:\\Users\\ZHONGY~1\\AppData\\Local\\Temp\\rust_mozprofile.dnkn04MqngmQ"
1552736891284	Marionette	INFO	Listening on port 64175
1552736891388	Marionette	WARN	TLS certificate errors will be ignored for this session
1552792401887	geckodriver	INFO	geckodriver 0.19.1
1552792401917	geckodriver	INFO	Listening on 127.0.0.1:64282
1552792402544	mozrunner::runner	INFO	Running command: "C:\\Program Files (x86)\\Mozilla Firefox\\firefox.exe" "-marionette" "-profile" "C:\\Users\\ZHONGY~1\\AppData\\Local\\Temp\\rust_mozprofile.rt2ItAR4jn5P"
1552792403507	addons.webextension.screenshots@mozilla.org	WARN	Loading extension 'screenshots@mozilla.org': Reading manifest: Invalid host permission: resource://pdf.js/
1552792403507	addons.webextension.screenshots@mozilla.org	WARN	Loading extension 'screenshots@mozilla.org': Reading manifest: Invalid host permission: about:reader*
1552792403685	Marionette	TRACE	Received observer notification profile-after-change
1552792404449	Marionette	TRACE	Received observer notification toplevel-window-ready
1552792404523	Marionette	TRACE	Received observer notification command-line-startup
1552792404523	Marionette	TRACE	Received observer notification nsPref:changed
1552792404523	Marionette	DEBUG	Init aborted (running=false, enabled=true, finalUIStartup=false)
1552792404634	Marionette	TRACE	Received observer notification toplevel-window-ready
1552792406914	Marionette	TRACE	Received observer notification sessionstore-windows-restored
1552792406914	Marionette	TRACE	GFX sanity window detected, waiting until it has been closed...
1552792408807	Marionette	TRACE	Received observer notification domwindowclosed
1552792408807	Marionette	TRACE	Waiting until startup recorder finished recording startup scripts...
1552792408816	Marionette	TRACE	All scripts recorded.
1552792408816	Marionette	DEBUG	Setting recommended pref app.update.disabledForTesting to true
1552792408817	Marionette	DEBUG	Setting recommended pref browser.contentblocking.introCount to 99
1552792408818	Marionette	DEBUG	Setting recommended pref datareporting.policy.dataSubmissionPolicyAccepted to false
1552792408818	Marionette	DEBUG	Setting recommended pref dom.disable_beforeunload to true
1552792408818	Marionette	DEBUG	Setting recommended pref toolkit.cosmeticAnimations.enabled to false
1552792408868	Marionette	INFO	Listening on port 64289
1552792408868	Marionette	DEBUG	Remote service is active
1552792409081	Marionette	DEBUG	Accepted connection 0 from 127.0.0.1:64364
1552792409083	Marionette	DEBUG	0 -> [0,1,"newSession",{"acceptInsecureCerts":true,"browserName":"firefox","capabilities":{"desiredCapabilities":{"acceptInsecureCerts":true,"browserName":"firefox"}}}]
1552792409084	Marionette	DEBUG	0 <- [1,1,{"error":"unknown command","message":"newSession","stacktrace":"WebDriverError@chrome://marionette/content/error.js:179: ... et@chrome://marionette/content/server.js:236:8\n_onJSONObjectReady/<@chrome://marionette/content/transport.js:490:9\n"},null]
Exiting due to channel error.
Exiting due to channel error.
